%!Adobe-FontList 1.14
%Locale:0x40c

%BeginFont
Handler:DirectoryHandler
FontType:TrueType
FontName:Raleway-Bold
FamilyName:Raleway
StyleName:Bold
FullName:Raleway Bold
MenuName:Raleway
StyleBits:2
WritingScript:Roman
OutlineFileName:Z:\Test Integration\Font\Raleway-Bold.ttf
DataFormat:sfntData
FileLength:128248
FileModTime:1471960395
WeightClass:700
WidthClass:5
AngleClass:0
%EndFont

%BeginFont
Handler:DirectoryHandler
FontType:TrueType
FontName:Raleway-Light
FamilyName:Raleway
StyleName:Light
FullName:Raleway Light
MenuName:Raleway
StyleBits:0
WritingScript:Roman
OutlineFileName:Z:\Test Integration\Font\Raleway-Light.ttf
DataFormat:sfntData
FileLength:132200
FileModTime:1471960395
WeightClass:300
WidthClass:5
AngleClass:0
%EndFont

%BeginFont
Handler:DirectoryHandler
FontType:TrueType
FontName:Raleway
FamilyName:Raleway
StyleName:Regular
FullName:Raleway
MenuName:Raleway
StyleBits:0
WritingScript:Roman
OutlineFileName:Z:\Test Integration\Font\Raleway-Regular.ttf
DataFormat:sfntData
FileLength:130128
FileModTime:1471960395
WeightClass:400
WidthClass:5
AngleClass:0
%EndFont

